<?xml version="1.0" encoding="UTF-8"?>
<!-- Generated by org.testng.reporters.JUnitReportReporter -->
<testsuite hostname="TESSATH-1CYLS" failures="0" tests="1" name="com.test.NewTest" time="7.547" errors="0" timestamp="15 Oct 2020 09:31:09 GMT" skipped="0">
  <testcase classname="com.test.NewTest" name="f" time="7.547"/>
</testsuite> <!-- com.test.NewTest -->
